<?xml version="1.0" encoding="UTF-8"?>
<!-- Generated by org.testng.reporters.JUnitXMLReporter -->
<testsuite ignored="2" hostname="LAPTOP-6I2ERQM6" failures="0" tests="1" name="ChromeBrowser" time="31.27" errors="0" timestamp="2024-01-02T16:10:28 IST">
  <testcase classname="verification.VerifyTheActiTime" name="VerifyTheTask" time="11.522"/>
  <testcase classname="verification.VerifyTheActiTime" name="TestA" time="0.0">
    <ignored/>
  </testcase> <!-- TestA -->
  <testcase classname="verification.VerifyTheActiTime" name="VerifyTheReports" time="0.0">
    <ignored/>
  </testcase> <!-- VerifyTheReports -->
</testsuite> <!-- ChromeBrowser -->
