<?xml version="1.0" encoding="UTF-8"?>
<!-- Generated by org.testng.reporters.JUnitXMLReporter -->
<testsuite ignored="2" hostname="LAPTOP-6I2ERQM6" failures="0" tests="1" name="Test" time="14.56" errors="0" timestamp="2023-12-28T15:25:22 IST">
  <testcase classname="verification.VerifyTheActiTime" name="VerifyTheTask" time="6.088"/>
  <testcase classname="verification.VerifyTheActiTime" name="TestA" time="0.0">
    <ignored/>
  </testcase> <!-- TestA -->
  <testcase classname="verification.VerifyTheActiTime" name="VerifyTheReports" time="0.0">
    <ignored/>
  </testcase> <!-- VerifyTheReports -->
</testsuite> <!-- Test -->
