<?xml version="1.0" encoding="UTF-8"?>
<testng-results ignored="4" total="6" passed="2" failed="0" skipped="0">
  <reporter-output>
  </reporter-output>
  <suite started-at="2024-01-02T16:09:56 IST" name="Regression Suite" finished-at="2024-01-02T16:10:28 IST" duration-ms="31270">
    <groups>
    </groups>
    <test started-at="2024-01-02T16:09:56 IST" name="FireFoxBrowser" finished-at="2024-01-02T16:10:19 IST" duration-ms="23037">
      <class name="verification.VerifyTheActiTime">
        <test-method is-config="true" signature="launchBrowser(java.lang.String)[pri:0, instance:verification.VerifyTheActiTime@2d901eb0]" started-at="2024-01-02T16:09:56 IST" name="launchBrowser" finished-at="2024-01-02T16:10:04 IST" duration-ms="7999" status="PASS">
          <params>
            <param index="0">
              <value>
                <![CDATA[Firefox]]>
              </value>
            </param>
          </params>
          <reporter-output>
          </reporter-output>
        </test-method> <!-- launchBrowser -->
        <test-method is-config="true" signature="CreatePomObject()[pri:0, instance:verification.VerifyTheActiTime@2d901eb0]" started-at="2024-01-02T16:10:04 IST" name="CreatePomObject" finished-at="2024-01-02T16:10:04 IST" duration-ms="1" status="PASS">
          <reporter-output>
          </reporter-output>
        </test-method> <!-- CreatePomObject -->
        <test-method is-config="true" signature="LoginToApplication_1()[pri:0, instance:verification.VerifyTheActiTime@2d901eb0]" started-at="2024-01-02T16:10:04 IST" name="LoginToApplication_1" finished-at="2024-01-02T16:10:12 IST" duration-ms="7956" status="PASS">
          <reporter-output>
          </reporter-output>
        </test-method> <!-- LoginToApplication_1 -->
        <test-method signature="VerifyTheTask()[pri:0, instance:verification.VerifyTheActiTime@2d901eb0]" started-at="2024-01-02T16:10:12 IST" name="VerifyTheTask" finished-at="2024-01-02T16:10:18 IST" duration-ms="5140" status="PASS">
          <reporter-output>
          </reporter-output>
        </test-method> <!-- VerifyTheTask -->
        <test-method is-config="true" signature="ClickOnLogout(org.testng.ITestResult)[pri:0, instance:verification.VerifyTheActiTime@2d901eb0]" started-at="2024-01-02T16:10:18 IST" name="ClickOnLogout" finished-at="2024-01-02T16:10:18 IST" duration-ms="209" status="PASS">
          <params>
            <param index="0">
              <value>
                <![CDATA[[TestResult name=VerifyTheTask status=SUCCESS method=VerifyTheActiTime.VerifyTheTask()[pri:0, instance:verification.VerifyTheActiTime@2d901eb0] output={null}]]]>
              </value>
            </param>
          </params>
          <reporter-output>
          </reporter-output>
        </test-method> <!-- ClickOnLogout -->
        <test-method is-config="true" signature="ClearPomObject()[pri:0, instance:verification.VerifyTheActiTime@2d901eb0]" started-at="2024-01-02T16:10:18 IST" name="ClearPomObject" finished-at="2024-01-02T16:10:18 IST" duration-ms="1" status="PASS">
          <reporter-output>
          </reporter-output>
        </test-method> <!-- ClearPomObject -->
        <test-method is-config="true" signature="CloseTheBrowser()[pri:0, instance:verification.VerifyTheActiTime@2d901eb0]" started-at="2024-01-02T16:10:18 IST" name="CloseTheBrowser" finished-at="2024-01-02T16:10:19 IST" duration-ms="1707" status="PASS">
          <reporter-output>
          </reporter-output>
        </test-method> <!-- CloseTheBrowser -->
      </class> <!-- verification.VerifyTheActiTime -->
    </test> <!-- FireFoxBrowser -->
    <test started-at="2024-01-02T16:09:56 IST" name="ChromeBrowser" finished-at="2024-01-02T16:10:28 IST" duration-ms="31270">
      <class name="verification.VerifyTheActiTime">
        <test-method is-config="true" signature="launchBrowser(java.lang.String)[pri:0, instance:verification.VerifyTheActiTime@7526515b]" started-at="2024-01-02T16:09:56 IST" name="launchBrowser" finished-at="2024-01-02T16:10:00 IST" duration-ms="3254" status="PASS">
          <params>
            <param index="0">
              <value>
                <![CDATA[Chrome]]>
              </value>
            </param>
          </params>
          <reporter-output>
          </reporter-output>
        </test-method> <!-- launchBrowser -->
        <test-method is-config="true" signature="CreatePomObject()[pri:0, instance:verification.VerifyTheActiTime@7526515b]" started-at="2024-01-02T16:10:00 IST" name="CreatePomObject" finished-at="2024-01-02T16:10:00 IST" duration-ms="38" status="PASS">
          <reporter-output>
          </reporter-output>
        </test-method> <!-- CreatePomObject -->
        <test-method is-config="true" signature="LoginToApplication_1()[pri:0, instance:verification.VerifyTheActiTime@7526515b]" started-at="2024-01-02T16:10:00 IST" name="LoginToApplication_1" finished-at="2024-01-02T16:10:15 IST" duration-ms="14907" status="PASS">
          <reporter-output>
          </reporter-output>
        </test-method> <!-- LoginToApplication_1 -->
        <test-method signature="VerifyTheTask()[pri:0, instance:verification.VerifyTheActiTime@7526515b]" started-at="2024-01-02T16:10:15 IST" name="VerifyTheTask" finished-at="2024-01-02T16:10:26 IST" duration-ms="11522" status="PASS">
          <reporter-output>
          </reporter-output>
        </test-method> <!-- VerifyTheTask -->
        <test-method is-config="true" signature="ClickOnLogout(org.testng.ITestResult)[pri:0, instance:verification.VerifyTheActiTime@7526515b]" started-at="2024-01-02T16:10:26 IST" name="ClickOnLogout" finished-at="2024-01-02T16:10:28 IST" duration-ms="1298" status="PASS">
          <params>
            <param index="0">
              <value>
                <![CDATA[[TestResult name=VerifyTheTask status=SUCCESS method=VerifyTheActiTime.VerifyTheTask()[pri:0, instance:verification.VerifyTheActiTime@7526515b] output={null}]]]>
              </value>
            </param>
          </params>
          <reporter-output>
          </reporter-output>
        </test-method> <!-- ClickOnLogout -->
        <test-method is-config="true" signature="ClearPomObject()[pri:0, instance:verification.VerifyTheActiTime@7526515b]" started-at="2024-01-02T16:10:28 IST" name="ClearPomObject" finished-at="2024-01-02T16:10:28 IST" duration-ms="0" status="PASS">
          <reporter-output>
          </reporter-output>
        </test-method> <!-- ClearPomObject -->
        <test-method is-config="true" signature="CloseTheBrowser()[pri:0, instance:verification.VerifyTheActiTime@7526515b]" started-at="2024-01-02T16:10:28 IST" name="CloseTheBrowser" finished-at="2024-01-02T16:10:28 IST" duration-ms="200" status="PASS">
          <reporter-output>
          </reporter-output>
        </test-method> <!-- CloseTheBrowser -->
      </class> <!-- verification.VerifyTheActiTime -->
    </test> <!-- ChromeBrowser -->
  </suite> <!-- Regression Suite -->
</testng-results>
